  ExeRect.cpp
  ExeTexture.cpp
  ExeTriangle.cpp
  Main.cpp
  Program.cpp
  Shader.cpp
  States.cpp
  D3D.cpp
  Keyboard.cpp
  Mouse.cpp
  Time.cpp
  Window.cpp
  BinaryFile.cpp
  Json.cpp
  Math.cpp
  Path.cpp
  String.cpp
  Xml.cpp
  Perspective.cpp
  Viewport.cpp
jsoncpp.lib(json_reader.obj) : warning LNK4099: 'lib_json.pdb' PDB를 'jsoncpp.lib(json_reader.obj)' 또는 'D:\SGA\D3DX11 - DrawTexture\Debug\lib_json.pdb'에서 찾을 수 없습니다. 디버그 정보가 없는 것처럼 개체를 링크합니다.
jsoncpp.lib(json_value.obj) : warning LNK4099: 'lib_json.pdb' PDB를 'jsoncpp.lib(json_value.obj)' 또는 'D:\SGA\D3DX11 - DrawTexture\Debug\lib_json.pdb'에서 찾을 수 없습니다. 디버그 정보가 없는 것처럼 개체를 링크합니다.
jsoncpp.lib(json_writer.obj) : warning LNK4099: 'lib_json.pdb' PDB를 'jsoncpp.lib(json_writer.obj)' 또는 'D:\SGA\D3DX11 - DrawTexture\Debug\lib_json.pdb'에서 찾을 수 없습니다. 디버그 정보가 없는 것처럼 개체를 링크합니다.
  D3DX11 - DrawTexture.vcxproj -> D:\SGA\D3DX11 - DrawTexture\Debug\D3DX11 - DrawTexture.exe
  D3DX11 - DrawTexture.vcxproj -> D:\SGA\D3DX11 - DrawTexture\Debug\D3DX11 - DrawTexture.pdb (Full PDB)
