d:\sga\d3dx11 - drawtriangle\debug\shader.obj
d:\sga\d3dx11 - drawtriangle\debug\mouse.obj
d:\sga\d3dx11 - drawtriangle\debug\binaryfile.obj
d:\sga\d3dx11 - drawtriangle\debug\string.obj
d:\sga\d3dx11 - drawtriangle\debug\main.obj
d:\sga\d3dx11 - drawtriangle\debug\keyboard.obj
d:\sga\d3dx11 - drawtriangle\debug\json.obj
d:\sga\d3dx11 - drawtriangle\debug\xml.obj
d:\sga\d3dx11 - drawtriangle\debug\perspective.obj
d:\sga\d3dx11 - drawtriangle\debug\states.obj
d:\sga\d3dx11 - drawtriangle\debug\time.obj
d:\sga\d3dx11 - drawtriangle\debug\math.obj
d:\sga\d3dx11 - drawtriangle\debug\viewport.obj
d:\sga\d3dx11 - drawtriangle\debug\d3d.obj
d:\sga\d3dx11 - drawtriangle\debug\window.obj
d:\sga\d3dx11 - drawtriangle\debug\path.obj
d:\sga\d3dx11 - drawtriangle\debug\vc140.idb
d:\sga\d3dx11 - drawtriangle\debug\vc140.pdb
d:\sga\d3dx11 - drawtriangle\debug\d3dx11 -.4a0a9a1f.tlog\cl.command.1.tlog
d:\sga\d3dx11 - drawtriangle\debug\d3dx11 -.4a0a9a1f.tlog\cl.read.1.tlog
d:\sga\d3dx11 - drawtriangle\debug\d3dx11 -.4a0a9a1f.tlog\cl.write.1.tlog
