cl : 명령줄 warning D9030: '/Gm'이(가) 다중 처리와 호환되지 않습니다. /MP 스위치를 무시합니다.
  Viewport.cpp
d:\sga\d3dx11 - drawtexture\stdafx.h(22): fatal error C1083: 포함 파일을 열 수 없습니다. 'd3dx10math.h': No such file or directory
  Perspective.cpp
d:\sga\d3dx11 - drawtexture\stdafx.h(22): fatal error C1083: 포함 파일을 열 수 없습니다. 'd3dx10math.h': No such file or directory
  Xml.cpp
d:\sga\d3dx11 - drawtexture\utilities\xml.cpp(2422): warning C4267: '인수': 'size_t'에서 'int'(으)로 변환하면서 데이터가 손실될 수 있습니다.
  String.cpp
d:\sga\d3dx11 - drawtexture\stdafx.h(22): fatal error C1083: 포함 파일을 열 수 없습니다. 'd3dx10math.h': No such file or directory
  Path.cpp
d:\sga\d3dx11 - drawtexture\stdafx.h(22): fatal error C1083: 포함 파일을 열 수 없습니다. 'd3dx10math.h': No such file or directory
  Math.cpp
d:\sga\d3dx11 - drawtexture\stdafx.h(22): fatal error C1083: 포함 파일을 열 수 없습니다. 'd3dx10math.h': No such file or directory
  Json.cpp
d:\sga\d3dx11 - drawtexture\stdafx.h(22): fatal error C1083: 포함 파일을 열 수 없습니다. 'd3dx10math.h': No such file or directory
  BinaryFile.cpp
d:\sga\d3dx11 - drawtexture\stdafx.h(22): fatal error C1083: 포함 파일을 열 수 없습니다. 'd3dx10math.h': No such file or directory
  Window.cpp
d:\sga\d3dx11 - drawtexture\stdafx.h(22): fatal error C1083: 포함 파일을 열 수 없습니다. 'd3dx10math.h': No such file or directory
  Time.cpp
d:\sga\d3dx11 - drawtexture\stdafx.h(22): fatal error C1083: 포함 파일을 열 수 없습니다. 'd3dx10math.h': No such file or directory
  Mouse.cpp
d:\sga\d3dx11 - drawtexture\stdafx.h(22): fatal error C1083: 포함 파일을 열 수 없습니다. 'd3dx10math.h': No such file or directory
  Keyboard.cpp
d:\sga\d3dx11 - drawtexture\stdafx.h(22): fatal error C1083: 포함 파일을 열 수 없습니다. 'd3dx10math.h': No such file or directory
  D3D.cpp
d:\sga\d3dx11 - drawtexture\stdafx.h(22): fatal error C1083: 포함 파일을 열 수 없습니다. 'd3dx10math.h': No such file or directory
  States.cpp
d:\sga\d3dx11 - drawtexture\stdafx.h(22): fatal error C1083: 포함 파일을 열 수 없습니다. 'd3dx10math.h': No such file or directory
  Shader.cpp
d:\sga\d3dx11 - drawtexture\stdafx.h(22): fatal error C1083: 포함 파일을 열 수 없습니다. 'd3dx10math.h': No such file or directory
  Program.cpp
d:\sga\d3dx11 - drawtexture\stdafx.h(22): fatal error C1083: 포함 파일을 열 수 없습니다. 'd3dx10math.h': No such file or directory
  Main.cpp
d:\sga\d3dx11 - drawtexture\stdafx.h(22): fatal error C1083: 포함 파일을 열 수 없습니다. 'd3dx10math.h': No such file or directory
  ExeTriangle.cpp
d:\sga\d3dx11 - drawtexture\stdafx.h(22): fatal error C1083: 포함 파일을 열 수 없습니다. 'd3dx10math.h': No such file or directory
  ExeTexture.cpp
d:\sga\d3dx11 - drawtexture\stdafx.h(22): fatal error C1083: 포함 파일을 열 수 없습니다. 'd3dx10math.h': No such file or directory
  ExeRect.cpp
d:\sga\d3dx11 - drawtexture\stdafx.h(22): fatal error C1083: 포함 파일을 열 수 없습니다. 'd3dx10math.h': No such file or directory
  코드를 생성하고 있습니다...
