cl : 명령줄 warning D9030: '/Gm'이(가) 다중 처리와 호환되지 않습니다. /MP 스위치를 무시합니다.
  Viewport.cpp
d:\sga\hw 02 - drawsphere n orbit camera\stdafx.h(22): fatal error C1083: 포함 파일을 열 수 없습니다. 'd3dx10math.h': No such file or directory
  Perspective.cpp
d:\sga\hw 02 - drawsphere n orbit camera\stdafx.h(22): fatal error C1083: 포함 파일을 열 수 없습니다. 'd3dx10math.h': No such file or directory
  Orbit.cpp
d:\sga\hw 02 - drawsphere n orbit camera\stdafx.h(22): fatal error C1083: 포함 파일을 열 수 없습니다. 'd3dx10math.h': No such file or directory
  Freedom.cpp
d:\sga\hw 02 - drawsphere n orbit camera\stdafx.h(22): fatal error C1083: 포함 파일을 열 수 없습니다. 'd3dx10math.h': No such file or directory
  Camera.cpp
d:\sga\hw 02 - drawsphere n orbit camera\stdafx.h(22): fatal error C1083: 포함 파일을 열 수 없습니다. 'd3dx10math.h': No such file or directory
  Xml.cpp
d:\sga\hw 02 - drawsphere n orbit camera\utilities\xml.cpp(2422): warning C4267: '인수': 'size_t'에서 'int'(으)로 변환하면서 데이터가 손실될 수 있습니다.
  String.cpp
d:\sga\hw 02 - drawsphere n orbit camera\stdafx.h(22): fatal error C1083: 포함 파일을 열 수 없습니다. 'd3dx10math.h': No such file or directory
  Path.cpp
d:\sga\hw 02 - drawsphere n orbit camera\stdafx.h(22): fatal error C1083: 포함 파일을 열 수 없습니다. 'd3dx10math.h': No such file or directory
  Math.cpp
d:\sga\hw 02 - drawsphere n orbit camera\stdafx.h(22): fatal error C1083: 포함 파일을 열 수 없습니다. 'd3dx10math.h': No such file or directory
  Json.cpp
d:\sga\hw 02 - drawsphere n orbit camera\stdafx.h(22): fatal error C1083: 포함 파일을 열 수 없습니다. 'd3dx10math.h': No such file or directory
  BinaryFile.cpp
d:\sga\hw 02 - drawsphere n orbit camera\stdafx.h(22): fatal error C1083: 포함 파일을 열 수 없습니다. 'd3dx10math.h': No such file or directory
  Window.cpp
d:\sga\hw 02 - drawsphere n orbit camera\stdafx.h(22): fatal error C1083: 포함 파일을 열 수 없습니다. 'd3dx10math.h': No such file or directory
  Time.cpp
