d:\sga\homework - cube\debug\exetexture.obj
d:\sga\homework - cube\debug\program.obj
d:\sga\homework - cube\debug\keyboard.obj
d:\sga\homework - cube\debug\binaryfile.obj
d:\sga\homework - cube\debug\path.obj
d:\sga\homework - cube\debug\exetriangle.obj
d:\sga\homework - cube\debug\main.obj
d:\sga\homework - cube\debug\d3d.obj
d:\sga\homework - cube\debug\window.obj
d:\sga\homework - cube\debug\string.obj
d:\sga\homework - cube\debug\exerect.obj
d:\sga\homework - cube\debug\shader.obj
d:\sga\homework - cube\debug\mouse.obj
d:\sga\homework - cube\debug\math.obj
d:\sga\homework - cube\debug\xml.obj
d:\sga\homework - cube\debug\viewport.obj
d:\sga\homework - cube\debug\execube.obj
d:\sga\homework - cube\debug\states.obj
d:\sga\homework - cube\debug\time.obj
d:\sga\homework - cube\debug\json.obj
d:\sga\homework - cube\debug\perspective.obj
d:\sga\homework - cube\debug\vc140.pdb
d:\sga\homework - cube\debug\vc140.idb
d:\sga\homework - cube\debug\homework - cube.ilk
d:\sga\homework - cube\debug\homework - cube.exe
d:\sga\homework - cube\debug\homework - cube.pdb
d:\sga\homework - cube\debug\homework - cube.tlog\cl.command.1.tlog
d:\sga\homework - cube\debug\homework - cube.tlog\cl.read.1.tlog
d:\sga\homework - cube\debug\homework - cube.tlog\cl.write.1.tlog
d:\sga\homework - cube\debug\homework - cube.tlog\link.command.1.tlog
d:\sga\homework - cube\debug\homework - cube.tlog\link.read.1.tlog
d:\sga\homework - cube\debug\homework - cube.tlog\link.write.1.tlog
