C:\Program Files (x86)\MSBuild\Microsoft.Cpp\v4.0\V140\Microsoft.CppBuild.targets(392,5): warning MSB8028: The intermediate directory (Debug\) contains files shared from another project (D3DX11 - DrawTexture.vcxproj, D3DX11 - TextureUV.vcxproj).  This can lead to incorrect clean and rebuild behavior.
  ExeRect.cpp
  ExeTexture.cpp
  ExeTriangle.cpp
  Main.cpp
  Program.cpp
  Shader.cpp
  States.cpp
  D3D.cpp
  Keyboard.cpp
  Mouse.cpp
  Time.cpp
  Window.cpp
  BinaryFile.cpp
  Json.cpp
  Math.cpp
  Path.cpp
  String.cpp
  Xml.cpp
  Perspective.cpp
  Viewport.cpp
jsoncpp.lib(json_reader.obj) : warning LNK4099: 'lib_json.pdb' PDB를 'jsoncpp.lib(json_reader.obj)' 또는 'D:\SGA\D3DX11 - UpdateSubResource\Debug\lib_json.pdb'에서 찾을 수 없습니다. 디버그 정보가 없는 것처럼 개체를 링크합니다.
jsoncpp.lib(json_value.obj) : warning LNK4099: 'lib_json.pdb' PDB를 'jsoncpp.lib(json_value.obj)' 또는 'D:\SGA\D3DX11 - UpdateSubResource\Debug\lib_json.pdb'에서 찾을 수 없습니다. 디버그 정보가 없는 것처럼 개체를 링크합니다.
jsoncpp.lib(json_writer.obj) : warning LNK4099: 'lib_json.pdb' PDB를 'jsoncpp.lib(json_writer.obj)' 또는 'D:\SGA\D3DX11 - UpdateSubResource\Debug\lib_json.pdb'에서 찾을 수 없습니다. 디버그 정보가 없는 것처럼 개체를 링크합니다.
  D3DX11 - UpdateSubResource.vcxproj -> D:\SGA\D3DX11 - UpdateSubResource\Debug\D3DX11 - UpdateSubResource.exe
  D3DX11 - UpdateSubResource.vcxproj -> D:\SGA\D3DX11 - UpdateSubResource\Debug\D3DX11 - UpdateSubResource.pdb (Full PDB)
